2019-06-26 08:45:27,547 INFO  [Log] *****************verifyLoginWithBlankUserName**************** 
2019-06-26 08:45:30,778 INFO  [Log] Successfully launch the browser 
2019-06-26 08:45:35,160 INFO  [Log] Successfully close the browser 
2019-06-26 08:45:35,161 INFO  [Log] *****************End Test Case**************** 
2019-06-26 09:05:50,884 INFO  [Log] *****************verifyLoginWithBlankUserName**************** 
2019-06-26 09:05:54,212 INFO  [Log] Successfully launch the browser 
2019-06-26 09:05:57,716 INFO  [Log] Successfully login into the application 
2019-06-26 09:05:57,763 INFO  [Log] Successfully get the Text: Username cannot be empty 
2019-06-26 09:05:57,766 INFO  [Log] Validation successful 
2019-06-26 09:05:58,660 INFO  [Log] Successfully close the browser 
2019-06-26 09:05:58,660 INFO  [Log] *****************End Test Case**************** 
2019-06-26 09:08:11,511 INFO  [Log] *****************verifyAllFooterLinks**************** 
2019-06-26 09:08:14,696 INFO  [Log] Successfully launch the browser 
2019-06-26 09:08:33,964 INFO  [Log] Successfully close the browser 
2019-06-26 09:08:33,964 INFO  [Log] *****************End Test Case**************** 
2019-06-26 09:08:33,965 INFO  [Log] *****************verifyFooterText**************** 
2019-06-26 09:08:36,440 INFO  [Log] Successfully launch the browser 
2019-06-26 09:08:39,913 INFO  [Log] Successfully close the browser 
2019-06-26 09:08:39,913 INFO  [Log] *****************End Test Case**************** 
2019-06-26 09:08:39,914 INFO  [Log] *****************verifyLoginWithBlankPassword**************** 
2019-06-26 09:08:42,424 INFO  [Log] Successfully launch the browser 
2019-06-26 09:08:45,732 INFO  [Log] Successfully login into the application 
2019-06-26 09:08:45,785 INFO  [Log] Successfully get the Text: Password cannot be empty 
2019-06-26 09:08:46,462 INFO  [Log] Successfully close the browser 
2019-06-26 09:08:46,463 INFO  [Log] *****************End Test Case**************** 
2019-06-26 09:08:46,463 INFO  [Log] *****************verifyLoginWithBlankUserName**************** 
2019-06-26 09:08:49,003 INFO  [Log] Successfully launch the browser 
2019-06-26 09:08:52,129 INFO  [Log] Successfully login into the application 
2019-06-26 09:08:52,175 INFO  [Log] Successfully get the Text: Username cannot be empty 
2019-06-26 09:08:52,176 INFO  [Log] Validation successful 
2019-06-26 09:08:52,853 INFO  [Log] Successfully close the browser 
2019-06-26 09:08:52,853 INFO  [Log] *****************End Test Case**************** 
2019-06-26 09:08:52,854 INFO  [Log] *****************verifyLoginWithInvalidCredentials**************** 
2019-06-26 09:08:55,426 INFO  [Log] Successfully launch the browser 
2019-06-26 09:09:00,188 INFO  [Log] Successfully login into the application 
2019-06-26 09:09:00,231 INFO  [Log] Successfully get the Text: Invalid credentials 
2019-06-26 09:09:00,902 INFO  [Log] Successfully close the browser 
2019-06-26 09:09:00,902 INFO  [Log] *****************End Test Case**************** 
2019-06-26 09:09:00,922 INFO  [Log] *****************verifyAddEmployee**************** 
2019-06-26 09:09:03,441 INFO  [Log] Successfully launch the browser 
2019-06-26 09:09:10,114 INFO  [Log] Successfully login into the application 
2019-06-26 09:09:23,247 INFO  [Log] Successfully close the browser 
2019-06-26 09:09:23,247 INFO  [Log] *****************End Test Case**************** 
2019-06-26 09:09:23,248 INFO  [Log] *****************verifyEditEmployee**************** 
2019-06-26 09:09:25,831 INFO  [Log] Successfully launch the browser 
2019-06-26 09:09:32,115 INFO  [Log] Successfully login into the application 
2019-06-26 09:10:00,177 INFO  [Log] Successfully close the browser 
2019-06-26 09:10:00,177 INFO  [Log] *****************End Test Case**************** 
